-encoding
UTF-8
-outxml
-source
7
-target
7
-classpath
C:\Users\david\.m2\repository\org\springframework\hateoas\spring-hateoas\0.8.0.RELEASE\spring-hateoas-0.8.0.RELEASE.jar;C:\Users\david\.m2\repository\com\fasterxml\jackson\jaxrs\jackson-jaxrs-json-provider\2.2.3\jackson-jaxrs-json-provider-2.2.3.jar;C:\Users\david\.m2\repository\com\sun\jersey\jersey-client\1.17.1\jersey-client-1.17.1.jar;C:\Users\david\.m2\repository\org\codehaus\jackson\jackson-mapper-asl\1.9.13\jackson-mapper-asl-1.9.13.jar;C:\Users\david\.m2\repository\junit\junit\4.11\junit-4.11.jar;C:\Users\david\.m2\repository\log4j\log4j\1.2.17\log4j-1.2.17.jar;C:\Users\david\.m2\repository\org\slf4j\slf4j-api\1.7.5\slf4j-api-1.7.5.jar;C:\Users\david\.m2\repository\org\slf4j\jcl-over-slf4j\1.7.5\jcl-over-slf4j-1.7.5.jar;C:\Users\david\.m2\repository\org\slf4j\slf4j-log4j12\1.7.5\slf4j-log4j12-1.7.5.jar;C:\Users\david\.m2\repository\org\aspectj\aspectjrt\1.7.2\aspectjrt-1.7.2.jar;C:\Users\david\.m2\repository\org\aspectj\aspectjweaver\1.7.2\aspectjweaver-1.7.2.jar;C:\Users\david\.m2\repository\javax\servlet\servlet-api\2.5\servlet-api-2.5.jar;C:\Users\david\.m2\repository\net\sf\flexjson\flexjson\2.1\flexjson-2.1.jar;C:\Users\david\.m2\repository\org\apache\commons\commons-lang3\3.1\commons-lang3-3.1.jar;C:\Users\david\.m2\repository\org\springframework\roo\org.springframework.roo.annotations\1.2.4.RELEASE\org.springframework.roo.annotations-1.2.4.RELEASE.jar;C:\Users\david\.m2\repository\org\springframework\spring-core\3.2.3.RELEASE\spring-core-3.2.3.RELEASE.jar;C:\Users\david\.m2\repository\org\springframework\spring-test\3.2.3.RELEASE\spring-test-3.2.3.RELEASE.jar;C:\Users\david\.m2\repository\org\springframework\spring-context\3.2.3.RELEASE\spring-context-3.2.3.RELEASE.jar;C:\Users\david\.m2\repository\org\springframework\spring-aop\3.2.3.RELEASE\spring-aop-3.2.3.RELEASE.jar;C:\Users\david\.m2\repository\org\springframework\spring-aspects\3.2.3.RELEASE\spring-aspects-3.2.3.RELEASE.jar;C:\Users\david\.m2\repository\postgresql\postgresql\9.1-901-1.jdbc4\postgresql-9.1-901-1.jdbc4.jar;C:\Users\david\.m2\repository\org\hibernate\hibernate-core\4.2.2.Final\hibernate-core-4.2.2.Final.jar;C:\Users\david\.m2\repository\org\hibernate\hibernate-entitymanager\4.2.2.Final\hibernate-entitymanager-4.2.2.Final.jar;C:\Users\david\.m2\repository\org\hibernate\javax\persistence\hibernate-jpa-2.0-api\1.0.1.Final\hibernate-jpa-2.0-api-1.0.1.Final.jar;C:\Users\david\.m2\repository\commons-collections\commons-collections\3.2.1\commons-collections-3.2.1.jar;C:\Users\david\.m2\repository\org\hibernate\hibernate-validator\4.3.1.Final\hibernate-validator-4.3.1.Final.jar;C:\Users\david\.m2\repository\javax\validation\validation-api\1.0.0.GA\validation-api-1.0.0.GA.jar;C:\Users\david\.m2\repository\javax\transaction\jta\1.1\jta-1.1.jar;C:\Users\david\.m2\repository\org\springframework\spring-jdbc\3.2.3.RELEASE\spring-jdbc-3.2.3.RELEASE.jar;C:\Users\david\.m2\repository\org\springframework\spring-orm\3.2.3.RELEASE\spring-orm-3.2.3.RELEASE.jar;C:\Users\david\.m2\repository\commons-pool\commons-pool\1.5.6\commons-pool-1.5.6.jar;C:\Users\david\.m2\repository\commons-dbcp\commons-dbcp\1.4\commons-dbcp-1.4.jar;C:\Users\david\.m2\repository\org\springframework\spring-webmvc\3.2.3.RELEASE\spring-webmvc-3.2.3.RELEASE.jar;C:\Users\david\.m2\repository\org\springframework\webflow\spring-js-resources\2.2.1.RELEASE\spring-js-resources-2.2.1.RELEASE.jar;C:\Users\david\.m2\repository\commons-digester\commons-digester\2.1\commons-digester-2.1.jar;C:\Users\david\.m2\repository\commons-fileupload\commons-fileupload\1.2.2\commons-fileupload-1.2.2.jar;C:\Users\david\.m2\repository\javax\servlet\jsp\jstl\jstl-api\1.2\jstl-api-1.2.jar;C:\Users\david\.m2\repository\org\glassfish\web\jstl-impl\1.2\jstl-impl-1.2.jar;C:\Users\david\.m2\repository\javax\el\el-api\2.2\el-api-2.2.jar;C:\Users\david\.m2\repository\joda-time\joda-time\1.6\joda-time-1.6.jar;C:\Users\david\.m2\repository\javax\servlet\jsp\jsp-api\2.1\jsp-api-2.1.jar;C:\Users\david\.m2\repository\commons-codec\commons-codec\1.5\commons-codec-1.5.jar;C:\Users\david\.m2\repository\org\apache\tiles\tiles-jsp\2.2.2\tiles-jsp-2.2.2.jar;C:\Users\david\.m2\repository\org\springframework\integration\spring-integration-ws\2.2.6.RELEASE\spring-integration-ws-2.2.6.RELEASE.jar;C:\Users\david\.m2\repository\org\springframework\integration\spring-integration-xml\2.2.6.RELEASE\spring-integration-xml-2.2.6.RELEASE.jar;C:\Users\david\.m2\repository\org\springframework\integration\spring-integration-mail\2.2.6.RELEASE\spring-integration-mail-2.2.6.RELEASE.jar;C:\Users\david\.m2\repository\javax\mail\mail\1.4.1\mail-1.4.1.jar;C:\Users\david\.m2\repository\org\springframework\spring-oxm\3.2.3.RELEASE\spring-oxm-3.2.3.RELEASE.jar;C:\Users\david\.m2\repository\org\objenesis\objenesis\1.3\objenesis-1.3.jar;C:\Users\david\.m2\repository\com\fasterxml\jackson\jaxrs\jackson-jaxrs-base\2.2.3\jackson-jaxrs-base-2.2.3.jar;C:\Users\david\.m2\repository\com\fasterxml\jackson\core\jackson-core\2.2.3\jackson-core-2.2.3.jar;C:\Users\david\.m2\repository\com\fasterxml\jackson\core\jackson-databind\2.2.3\jackson-databind-2.2.3.jar;C:\Users\david\.m2\repository\com\fasterxml\jackson\core\jackson-annotations\2.2.3\jackson-annotations-2.2.3.jar;C:\Users\david\.m2\repository\com\fasterxml\jackson\module\jackson-module-jaxb-annotations\2.2.3\jackson-module-jaxb-annotations-2.2.3.jar;C:\Users\david\.m2\repository\com\sun\jersey\jersey-core\1.17.1\jersey-core-1.17.1.jar;C:\Users\david\.m2\repository\org\codehaus\jackson\jackson-core-asl\1.9.13\jackson-core-asl-1.9.13.jar;C:\Users\david\.m2\repository\commons-io\commons-io\2.1\commons-io-2.1.jar;C:\Users\david\.m2\repository\org\springframework\spring-beans\3.2.3.RELEASE\spring-beans-3.2.3.RELEASE.jar;C:\Users\david\.m2\repository\org\springframework\spring-expression\3.2.3.RELEASE\spring-expression-3.2.3.RELEASE.jar;C:\Users\david\.m2\repository\aopalliance\aopalliance\1.0\aopalliance-1.0.jar;C:\Users\david\.m2\repository\org\springframework\spring-context-support\3.2.3.RELEASE\spring-context-support-3.2.3.RELEASE.jar;C:\Users\david\.m2\repository\antlr\antlr\2.7.7\antlr-2.7.7.jar;C:\Users\david\.m2\repository\org\jboss\logging\jboss-logging\3.1.0.GA\jboss-logging-3.1.0.GA.jar;C:\Users\david\.m2\repository\dom4j\dom4j\1.6.1\dom4j-1.6.1.jar;C:\Users\david\.m2\repository\org\jboss\spec\javax\transaction\jboss-transaction-api_1.1_spec\1.0.1.Final\jboss-transaction-api_1.1_spec-1.0.1.Final.jar;C:\Users\david\.m2\repository\org\hibernate\common\hibernate-commons-annotations\4.0.2.Final\hibernate-commons-annotations-4.0.2.Final.jar;C:\Users\david\.m2\repository\org\javassist\javassist\3.15.0-GA\javassist-3.15.0-GA.jar;C:\Users\david\.m2\repository\org\springframework\spring-tx\3.2.3.RELEASE\spring-tx-3.2.3.RELEASE.jar;C:\Users\david\.m2\repository\org\springframework\spring-web\3.2.3.RELEASE\spring-web-3.2.3.RELEASE.jar;C:\Users\david\.m2\repository\commons-beanutils\commons-beanutils\1.8.3\commons-beanutils-1.8.3.jar;C:\Users\david\.m2\repository\org\apache\tiles\tiles-servlet\2.2.2\tiles-servlet-2.2.2.jar;C:\Users\david\.m2\repository\org\apache\tiles\tiles-core\2.2.2\tiles-core-2.2.2.jar;C:\Users\david\.m2\repository\org\apache\tiles\tiles-template\2.2.2\tiles-template-2.2.2.jar;C:\Users\david\.m2\repository\org\apache\tiles\tiles-api\2.2.2\tiles-api-2.2.2.jar;C:\Users\david\.m2\repository\org\springframework\integration\spring-integration-core\2.2.6.RELEASE\spring-integration-core-2.2.6.RELEASE.jar;C:\Users\david\.m2\repository\org\springframework\retry\spring-retry\1.0.2.RELEASE\spring-retry-1.0.2.RELEASE.jar;C:\Users\david\.m2\repository\org\springframework\ws\spring-ws-core\2.1.1.RELEASE\spring-ws-core-2.1.1.RELEASE.jar;C:\Users\david\.m2\repository\wsdl4j\wsdl4j\1.6.1\wsdl4j-1.6.1.jar;C:\Users\david\.m2\repository\javax\xml\stream\stax-api\1.0-2\stax-api-1.0-2.jar;C:\Users\david\.m2\repository\commons-logging\commons-logging\1.1.1\commons-logging-1.1.1.jar;C:\Users\david\.m2\repository\org\springframework\ws\spring-xml\2.1.1.RELEASE\spring-xml-2.1.1.RELEASE.jar;C:\Users\david\.m2\repository\javax\activation\activation\1.1\activation-1.1.jar;D:\tartu\esi\buildit-master\target\classes
-aspectpath
C:\Users\david\.m2\repository\org\springframework\spring-aspects\3.2.3.RELEASE\spring-aspects-3.2.3.RELEASE.jar
-d
D:\tartu\esi\buildit-master\target\classes
D:\tartu\esi\buildit-master\src\main\java\cs\ut\domain\ApplicationConversionServiceFactoryBean.java
D:\tartu\esi\buildit-master\src\main\java\cs\ut\domain\ApplicationConversionServiceFactoryBean_Roo_ConversionService.aj
D:\tartu\esi\buildit-master\src\main\java\cs\ut\domain\ApprovalStatus.java
D:\tartu\esi\buildit-master\src\main\java\cs\ut\domain\Plant.java
D:\tartu\esi\buildit-master\src\main\java\cs\ut\domain\PlantController.java
D:\tartu\esi\buildit-master\src\main\java\cs\ut\domain\PlantController_Roo_Controller.aj
D:\tartu\esi\buildit-master\src\main\java\cs\ut\domain\PlantHireRequest.java
D:\tartu\esi\buildit-master\src\main\java\cs\ut\domain\PlantHireRequestController.java
D:\tartu\esi\buildit-master\src\main\java\cs\ut\domain\PlantHireRequestController_Roo_Controller.aj
D:\tartu\esi\buildit-master\src\main\java\cs\ut\domain\PlantHireRequest_Roo_Configurable.aj
D:\tartu\esi\buildit-master\src\main\java\cs\ut\domain\PlantHireRequest_Roo_JavaBean.aj
D:\tartu\esi\buildit-master\src\main\java\cs\ut\domain\PlantHireRequest_Roo_Jpa_ActiveRecord.aj
D:\tartu\esi\buildit-master\src\main\java\cs\ut\domain\PlantHireRequest_Roo_Jpa_Entity.aj
D:\tartu\esi\buildit-master\src\main\java\cs\ut\domain\PlantHireRequest_Roo_ToString.aj
D:\tartu\esi\buildit-master\src\main\java\cs\ut\domain\Plant_Roo_Configurable.aj
D:\tartu\esi\buildit-master\src\main\java\cs\ut\domain\Plant_Roo_JavaBean.aj
D:\tartu\esi\buildit-master\src\main\java\cs\ut\domain\Plant_Roo_Jpa_ActiveRecord.aj
D:\tartu\esi\buildit-master\src\main\java\cs\ut\domain\Plant_Roo_Jpa_Entity.aj
D:\tartu\esi\buildit-master\src\main\java\cs\ut\domain\Plant_Roo_ToString.aj
D:\tartu\esi\buildit-master\src\main\java\cs\ut\domain\PurchaseOrder.java
D:\tartu\esi\buildit-master\src\main\java\cs\ut\domain\PurchaseOrder_Roo_JavaBean.aj
D:\tartu\esi\buildit-master\src\main\java\cs\ut\domain\PurchaseOrder_Roo_ToString.aj
D:\tartu\esi\buildit-master\src\main\java\cs\ut\domain\rest\controller\PlantHireRequestRestController.java
D:\tartu\esi\buildit-master\src\main\java\cs\ut\domain\rest\PlantHireRequestResource.java
D:\tartu\esi\buildit-master\src\main\java\cs\ut\domain\rest\PlantHireRequestResourceAssembler.java
D:\tartu\esi\buildit-master\src\main\java\cs\ut\domain\rest\PlantHireRequestResourceStatus.java
D:\tartu\esi\buildit-master\src\main\java\cs\ut\domain\rest\PlantHireRequestResourceStatus_Roo_JavaBean.aj
D:\tartu\esi\buildit-master\src\main\java\cs\ut\domain\rest\PlantHireRequestResourceStatus_Roo_ToString.aj
D:\tartu\esi\buildit-master\src\main\java\cs\ut\domain\rest\PlantHireRequestResource_Roo_JavaBean.aj
D:\tartu\esi\buildit-master\src\main\java\cs\ut\domain\rest\PlantHireRequestResource_Roo_ToString.aj
D:\tartu\esi\buildit-master\src\main\java\cs\ut\domain\Site.java
D:\tartu\esi\buildit-master\src\main\java\cs\ut\domain\SiteController.java
D:\tartu\esi\buildit-master\src\main\java\cs\ut\domain\SiteController_Roo_Controller.aj
D:\tartu\esi\buildit-master\src\main\java\cs\ut\domain\SiteEngineer.java
D:\tartu\esi\buildit-master\src\main\java\cs\ut\domain\SiteEngineerController.java
D:\tartu\esi\buildit-master\src\main\java\cs\ut\domain\SiteEngineerController_Roo_Controller.aj
D:\tartu\esi\buildit-master\src\main\java\cs\ut\domain\SiteEngineer_Roo_Configurable.aj
D:\tartu\esi\buildit-master\src\main\java\cs\ut\domain\SiteEngineer_Roo_JavaBean.aj
D:\tartu\esi\buildit-master\src\main\java\cs\ut\domain\SiteEngineer_Roo_Jpa_ActiveRecord.aj
D:\tartu\esi\buildit-master\src\main\java\cs\ut\domain\SiteEngineer_Roo_Jpa_Entity.aj
D:\tartu\esi\buildit-master\src\main\java\cs\ut\domain\SiteEngineer_Roo_ToString.aj
D:\tartu\esi\buildit-master\src\main\java\cs\ut\domain\Site_Roo_Configurable.aj
D:\tartu\esi\buildit-master\src\main\java\cs\ut\domain\Site_Roo_JavaBean.aj
D:\tartu\esi\buildit-master\src\main\java\cs\ut\domain\Site_Roo_Jpa_ActiveRecord.aj
D:\tartu\esi\buildit-master\src\main\java\cs\ut\domain\Site_Roo_Jpa_Entity.aj
D:\tartu\esi\buildit-master\src\main\java\cs\ut\domain\Site_Roo_ToString.aj
D:\tartu\esi\buildit-master\src\main\java\cs\ut\domain\soap\client\GetAllPlants.java
D:\tartu\esi\buildit-master\src\main\java\cs\ut\domain\soap\client\GetAllPlantsResponse.java
D:\tartu\esi\buildit-master\src\main\java\cs\ut\domain\soap\client\ObjectFactory.java
D:\tartu\esi\buildit-master\src\main\java\cs\ut\domain\soap\client\package-info.java
D:\tartu\esi\buildit-master\src\main\java\cs\ut\domain\soap\client\PlantResource.java
D:\tartu\esi\buildit-master\src\main\java\cs\ut\domain\soap\client\PlantResourceList.java
D:\tartu\esi\buildit-master\src\main\java\cs\ut\domain\soap\client\PlantSOAPService.java
D:\tartu\esi\buildit-master\src\main\java\cs\ut\domain\soap\client\PlantSOAPServiceService.java
D:\tartu\esi\buildit-master\src\main\java\cs\ut\domain\soap\controller\PlantHireRequestSoapController.java
D:\tartu\esi\buildit-master\src\main\java\cs\ut\domain\Supplier.java
D:\tartu\esi\buildit-master\src\main\java\cs\ut\domain\SupplierController.java
D:\tartu\esi\buildit-master\src\main\java\cs\ut\domain\SupplierController_Roo_Controller.aj
D:\tartu\esi\buildit-master\src\main\java\cs\ut\domain\Supplier_Roo_Configurable.aj
D:\tartu\esi\buildit-master\src\main\java\cs\ut\domain\Supplier_Roo_JavaBean.aj
D:\tartu\esi\buildit-master\src\main\java\cs\ut\domain\Supplier_Roo_Jpa_ActiveRecord.aj
D:\tartu\esi\buildit-master\src\main\java\cs\ut\domain\Supplier_Roo_Jpa_Entity.aj
D:\tartu\esi\buildit-master\src\main\java\cs\ut\domain\Supplier_Roo_ToString.aj
D:\tartu\esi\buildit-master\src\main\java\cs\ut\domain\transfer\PlantDataTransferObject.java
D:\tartu\esi\buildit-master\src\main\java\cs\ut\service\InvoiceAutomaticProcessor.java
D:\tartu\esi\buildit-master\src\main\java\cs\ut\service\InvoiceHumanAssistedHandling.java
D:\tartu\esi\buildit-master\src\main\java\cs\ut\service\InvoiceMailPreprocessor.java
D:\tartu\esi\buildit-master\src\main\java\cs\ut\service\InvoiceRouter.java
D:\tartu\esi\buildit-master\src\main\java\cs\ut\util\DateAdapter.java
D:\tartu\esi\buildit-master\src\main\java\cs\ut\util\ExtendedLink.java
D:\tartu\esi\buildit-master\src\main\java\cs\ut\util\ResourceSupport.java
